<?xml version="1.0" encoding="UTF-8"?>
<!-- Generated by org.testng.reporters.JUnitReportReporter -->
<testsuite hostname="C_Name" failures="0" tests="2" name="pac1.ContactTest" time="0.021" errors="0" timestamp="2024-05-17T15:53:06 IST" skipped="0">
  <testcase classname="pac1.ContactTest" name="modifyContactTest" time="0.002"/>
  <testcase classname="pac1.ContactTest" name="createContactTest" time="0.019"/>
</testsuite> <!-- pac1.ContactTest -->
