<?xml version="1.0" encoding="UTF-8"?>
<!-- Generated by org.testng.reporters.JUnitReportReporter -->
<testsuite hostname="C_Name" failures="0" tests="2" name="pac2.OrgTest" time="0.004" errors="0" timestamp="2024-05-17T15:53:06 IST" skipped="0">
  <testcase classname="pac2.OrgTest" name="modifyOrgTest" time="0.002"/>
  <testcase classname="pac2.OrgTest" name="createOrgTest" time="0.002"/>
</testsuite> <!-- pac2.OrgTest -->
